<?xml version="1.0" encoding="UTF-8"?>
<!-- Generated by org.testng.reporters.JUnitReportReporter -->
<testsuite hostname="Akki" failures="0" tests="1" name="com.Shanon.Leads.VerifyLeads" time="1.970" errors="0" timestamp="2022-05-27T13:09:39 IST" skipped="0">
  <testcase classname="com.Shanon.Leads.VerifyLeads" name="verifyLeadsTabTest" time="1.970"/>
  <system-out>
    <![CDATA[CRM HOME PAGE is Displayed
LEADS TEXT is Displayed, PASS]]>
  </system-out>
</testsuite> <!-- com.Shanon.Leads.VerifyLeads -->
