<?xml version="1.0" encoding="UTF-8"?>
<!-- Generated by org.testng.reporters.JUnitReportReporter -->
<testsuite hostname="Akki" failures="0" tests="1" name="com.Shanon.accounts.VerifyAccountsCreation" time="4.931" errors="0" timestamp="2022-05-27T13:09:39 IST" skipped="0">
  <testcase classname="com.Shanon.accounts.VerifyAccountsCreation" name="createAccountTest" time="4.931"/>
  <system-out>
    <![CDATA[CRM HOME PAGE is Displayed]]>
  </system-out>
</testsuite> <!-- com.Shanon.accounts.VerifyAccountsCreation -->
